Assets:US:BofA:Checking                     2012-01-01  
Assets:US:ETrade:Cash                       2012-01-01  
Assets:US:ETrade:GLD                        2012-01-01  
Assets:US:ETrade:ITOT                       2012-01-01  
Assets:US:ETrade:VEA                        2012-01-01  
Assets:US:ETrade:VHT                        2012-01-01  
Assets:US:Federal:PreTax401k                1980-05-12  
Assets:US:Hoogle:Vacation                   2012-01-01  
Assets:US:Vanguard:Cash                     2012-01-01  
Assets:US:Vanguard:RGAGX                    2012-01-01  
Assets:US:Vanguard:VBMPX                    2012-01-01  
Liabilities:AccountsPayable                 1980-05-12  
Liabilities:US:Chase:Slate                  1980-05-12  
Equity:Opening-Balances                     1980-05-12  
Income:US:ETrade:Gains                      2012-01-01  
Income:US:Federal:PreTax401k                1980-05-12  
Income:US:Hoogle:GroupTermLife              2012-01-01  
Income:US:Hoogle:Match401k                  2012-01-01  
Income:US:Hoogle:Salary                     2012-01-01  
Income:US:Hoogle:Vacation                   2012-01-01  
Expenses:Financial:Commissions              1980-05-12  
Expenses:Financial:Fees                     1980-05-12  
Expenses:Food:Alcohol                       1980-05-12  
Expenses:Food:Coffee                        1980-05-12  
Expenses:Food:Groceries                     1980-05-12  
Expenses:Food:Restaurant                    1980-05-12  
Expenses:Health:Dental:Insurance            2012-01-01  
Expenses:Health:Life:GroupTermLife          2012-01-01  
Expenses:Health:Medical:Insurance           2012-01-01  
Expenses:Health:Vision:Insurance            2012-01-01  
Expenses:Home:Electricity                   1980-05-12  
Expenses:Home:Internet                      1980-05-12  
Expenses:Home:Rent                          1980-05-12  
Expenses:Taxes:Y2012:US:CityNYC             2012-01-01  
Expenses:Taxes:Y2012:US:Federal             2012-01-01  
Expenses:Taxes:Y2012:US:Federal:PreTax401k  2012-01-01  
Expenses:Taxes:Y2012:US:Medicare            2012-01-01  
Expenses:Taxes:Y2012:US:SDI                 2012-01-01  
Expenses:Taxes:Y2012:US:SocSec              2012-01-01  
Expenses:Taxes:Y2012:US:State               2012-01-01  
Expenses:Taxes:Y2013:US:CityNYC             2013-01-01  
Expenses:Taxes:Y2013:US:Federal             2013-01-01  
Expenses:Taxes:Y2013:US:Federal:PreTax401k  2013-01-01  
Expenses:Taxes:Y2013:US:Medicare            2013-01-01  
Expenses:Taxes:Y2013:US:SDI                 2013-01-01  
Expenses:Taxes:Y2013:US:SocSec              2013-01-01  
Expenses:Taxes:Y2013:US:State               2013-01-01  
Expenses:Taxes:Y2014:US:CityNYC             2014-01-01  
Expenses:Taxes:Y2014:US:Federal             2014-01-01  
Expenses:Taxes:Y2014:US:Federal:PreTax401k  2014-01-01  
Expenses:Taxes:Y2014:US:Medicare            2014-01-01  
Expenses:Taxes:Y2014:US:SDI                 2014-01-01  
Expenses:Taxes:Y2014:US:SocSec              2014-01-01  
Expenses:Taxes:Y2014:US:State               2014-01-01  
Expenses:Transport:Tram                     1980-05-12  
