2012-01-01 open  Assets:US:BofA:Checking                                                                                

2012-01-01 *     Opening Balance for checking account                                                        3077.70 USD

2012-01-02 bal   PASS - In Assets:US:BofA:Checking                                                                      

2012-01-04 *     BANK FEES | Monthly bank fee                                                                  -4.00 USD

2012-01-05 *     Hoogle | Payroll                                                                            1350.60 USD

2012-01-06 *     RiverBank Properties | Paying the rent                                                     -2400.00 USD

2012-01-08 *     EDISON POWER |                                                                               -65.00 USD

2012-01-08 *     Chase:Slate | Paying off credit card                                                        -140.36 USD

2012-01-19 *     Hoogle | Payroll                                                                            1350.60 USD

2012-01-21 bal   PASS - In Assets:US:BofA:Checking                                                                      

2012-01-22 *     Wine-Tarner Cable |                                                                          -80.06 USD

2012-02-02 *     Hoogle | Payroll                                                                            1350.60 USD

2012-02-04 *     BANK FEES | Monthly bank fee                                                                  -4.00 USD

2012-02-05 *     RiverBank Properties | Paying the rent                                                     -2400.00 USD

2012-02-09 *     EDISON POWER |                                                                               -65.00 USD

2012-02-11 *     Chase:Slate | Paying off credit card                                                        -725.96 USD

2012-02-13 bal   PASS - In Assets:US:BofA:Checking                                                                      

2012-02-16 *     Hoogle | Payroll                                                                            1350.60 USD

2012-02-23 *     Wine-Tarner Cable |                                                                          -79.89 USD

2012-03-01 *     Hoogle | Payroll                                                                            1350.60 USD

2012-03-04 *     BANK FEES | Monthly bank fee                                                                  -4.00 USD

2012-03-04 *     RiverBank Properties | Paying the rent                                                     -2400.00 USD

2012-03-09 *     EDISON POWER |                                                                               -65.00 USD

2012-03-09 *     Chase:Slate | Paying off credit card                                                        -580.00 USD

2012-03-10 bal   PASS - In Assets:US:BofA:Checking                                                                      

2012-03-15 *     Hoogle | Payroll                                                                            1350.60 USD

2012-03-21 *     Wine-Tarner Cable |                                                                          -80.12 USD

2012-03-29 *     Hoogle | Payroll                                                                            1350.60 USD

2012-04-03 *     RiverBank Properties | Paying the rent                                                     -2400.00 USD

2012-04-04 *     BANK FEES | Monthly bank fee                                                                  -4.00 USD

2012-04-07 *     Chase:Slate | Paying off credit card                                                        -542.72 USD

2012-04-08 *     EDISON POWER |                                                                               -65.00 USD

2012-04-09 bal   PASS - In Assets:US:BofA:Checking                                                                      

2012-04-12 *     Hoogle | Payroll                                                                            1350.60 USD

2012-04-22 *     Wine-Tarner Cable |                                                                          -80.11 USD

2012-04-26 *     Hoogle | Payroll                                                                            1350.60 USD

2012-05-04 *     BANK FEES | Monthly bank fee                                                                  -4.00 USD

2012-05-04 *     RiverBank Properties | Paying the rent                                                     -2400.00 USD

2012-05-07 bal   PASS - In Assets:US:BofA:Checking                                                                      

2012-05-07 *     Chase:Slate | Paying off credit card                                                        -578.88 USD

2012-05-08 *     EDISON POWER |                                                                               -65.00 USD

2012-05-10 *     Hoogle | Payroll                                                                            1350.60 USD

2012-05-23 *     Wine-Tarner Cable |                                                                          -80.06 USD

2012-05-24 *     Hoogle | Payroll                                                                            1350.60 USD

2012-06-04 *     BANK FEES | Monthly bank fee                                                                  -4.00 USD

2012-06-05 *     RiverBank Properties | Paying the rent                                                     -2400.00 USD

2012-06-06 bal   PASS - In Assets:US:BofA:Checking                                                                      

2012-06-07 *     Hoogle | Payroll                                                                            1350.60 USD

2012-06-08 *     EDISON POWER |                                                                               -65.00 USD

2012-06-11 *     Chase:Slate | Paying off credit card                                                        -641.94 USD

2012-06-21 *     Hoogle | Payroll                                                                            1350.60 USD

2012-06-22 *     Wine-Tarner Cable |                                                                          -79.96 USD

2012-07-03 bal   PASS - In Assets:US:BofA:Checking                                                                      

2012-07-04 *     BANK FEES | Monthly bank fee                                                                  -4.00 USD

2012-07-05 *     Hoogle | Payroll                                                                            1350.60 USD

2012-07-06 *     RiverBank Properties | Paying the rent                                                     -2400.00 USD

2012-07-09 *     EDISON POWER |                                                                               -65.00 USD

2012-07-10 *     Chase:Slate | Paying off credit card                                                        -628.72 USD

2012-07-19 *     Hoogle | Payroll                                                                            2350.60 USD

2012-07-23 *     Wine-Tarner Cable |                                                                          -80.13 USD

2012-08-01 bal   PASS - In Assets:US:BofA:Checking                                                                      

2012-08-02 *     Hoogle | Payroll                                                                            2550.60 USD

2012-08-04 *     BANK FEES | Monthly bank fee                                                                  -4.00 USD

2012-08-04 *     RiverBank Properties | Paying the rent                                                     -2400.00 USD

2012-08-09 *     EDISON POWER |                                                                               -65.00 USD

2012-08-11 *     Chase:Slate | Paying off credit card                                                        -613.72 USD

2012-08-16 *     Hoogle | Payroll                                                                            2550.60 USD

2012-08-17 *     Transfering accumulated savings to other account                                           -3500.00 USD

2012-08-21 bal   PASS - In Assets:US:BofA:Checking                                                                      

2012-08-22 *     Wine-Tarner Cable |                                                                          -80.00 USD

2012-08-30 *     Hoogle | Payroll                                                                            2550.60 USD

2012-09-04 *     BANK FEES | Monthly bank fee                                                                  -4.00 USD

2012-09-05 *     RiverBank Properties | Paying the rent                                                     -2400.00 USD

2012-09-09 *     EDISON POWER |                                                                               -65.00 USD

2012-09-09 *     Chase:Slate | Paying off credit card                                                        -525.63 USD

2012-09-13 *     Hoogle | Payroll                                                                            2550.60 USD

2012-09-17 bal   PASS - In Assets:US:BofA:Checking                                                                      

2012-09-22 *     Wine-Tarner Cable |                                                                          -80.19 USD

2012-09-27 *     Hoogle | Payroll                                                                            2550.60 USD

2012-10-03 *     RiverBank Properties | Paying the rent                                                     -2400.00 USD

2012-10-04 *     BANK FEES | Monthly bank fee                                                                  -4.00 USD

2012-10-08 *     EDISON POWER |                                                                               -65.00 USD

2012-10-08 *     Chase:Slate | Paying off credit card                                                        -623.67 USD

2012-10-11 *     Hoogle | Payroll                                                                            2550.60 USD

2012-10-12 *     Transfering accumulated savings to other account                                           -4500.00 USD

2012-10-15 bal   PASS - In Assets:US:BofA:Checking                                                                      

2012-10-22 *     Wine-Tarner Cable |                                                                          -79.93 USD

2012-10-25 *     Hoogle | Payroll                                                                            2550.60 USD

2012-11-04 *     BANK FEES | Monthly bank fee                                                                  -4.00 USD

2012-11-05 *     RiverBank Properties | Paying the rent                                                     -2400.00 USD

2012-11-08 *     Chase:Slate | Paying off credit card                                                        -575.78 USD

2012-11-08 *     Hoogle | Payroll                                                                            2550.60 USD

2012-11-09 *     EDISON POWER |                                                                               -65.00 USD

2012-11-10 bal   PASS - In Assets:US:BofA:Checking                                                                      

2012-11-22 *     Wine-Tarner Cable |                                                                          -79.86 USD

2012-11-22 *     Hoogle | Payroll                                                                            2550.60 USD

2012-12-03 *     RiverBank Properties | Paying the rent                                                     -2400.00 USD

2012-12-04 bal   PASS - In Assets:US:BofA:Checking                                                                      

2012-12-04 *     BANK FEES | Monthly bank fee                                                                  -4.00 USD

2012-12-06 *     Hoogle | Payroll                                                                            2589.06 USD

2012-12-07 *     Chase:Slate | Paying off credit card                                                        -498.82 USD

2012-12-09 *     EDISON POWER |                                                                               -65.00 USD

2012-12-20 *     Hoogle | Payroll                                                                            2832.14 USD

2012-12-23 *     Wine-Tarner Cable |                                                                          -80.17 USD

2012-12-24 bal   PASS - In Assets:US:BofA:Checking                                                                      

2013-01-03 *     Hoogle | Payroll                                                                            1350.60 USD

2013-01-04 *     BANK FEES | Monthly bank fee                                                                  -4.00 USD

2013-01-04 *     RiverBank Properties | Paying the rent                                                     -2400.00 USD

2013-01-08 *     EDISON POWER |                                                                               -65.00 USD

2013-01-09 *     Chase:Slate | Paying off credit card                                                        -809.55 USD

2013-01-17 *     Hoogle | Payroll                                                                            1350.60 USD

2013-01-20 bal   PASS - In Assets:US:BofA:Checking                                                                      

2013-01-21 *     Wine-Tarner Cable |                                                                          -79.98 USD

2013-01-31 *     Hoogle | Payroll                                                                            1350.60 USD

2013-02-04 *     BANK FEES | Monthly bank fee                                                                  -4.00 USD

2013-02-06 *     RiverBank Properties | Paying the rent                                                     -2400.00 USD

2013-02-09 *     EDISON POWER |                                                                               -65.00 USD

2013-02-09 *     Chase:Slate | Paying off credit card                                                        -453.97 USD

2013-02-11 bal   PASS - In Assets:US:BofA:Checking                                                                      

2013-02-14 *     Hoogle | Payroll                                                                            1350.60 USD

2013-02-22 *     Wine-Tarner Cable |                                                                          -80.02 USD

2013-02-28 *     Hoogle | Payroll                                                                            1350.60 USD

2013-03-04 *     BANK FEES | Monthly bank fee                                                                  -4.00 USD

2013-03-05 *     RiverBank Properties | Paying the rent                                                     -2400.00 USD

2013-03-08 *     EDISON POWER |                                                                               -65.00 USD

2013-03-08 *     Chase:Slate | Paying off credit card                                                        -657.31 USD

2013-03-10 bal   PASS - In Assets:US:BofA:Checking                                                                      

2013-03-14 *     Hoogle | Payroll                                                                            1350.60 USD

2013-03-21 *     Wine-Tarner Cable |                                                                          -79.97 USD

2013-03-23 *     FEDERAL TAXPYMT                                                                             -580.95 USD

2013-03-23 *     STATE TAX & FINANC PYMT                                                                     -336.48 USD

2013-03-28 *     Hoogle | Payroll                                                                            1350.60 USD

2013-04-02 bal   PASS - In Assets:US:BofA:Checking                                                                      

2013-04-04 *     BANK FEES | Monthly bank fee                                                                  -4.00 USD

2013-04-04 *     RiverBank Properties | Paying the rent                                                     -2400.00 USD

2013-04-09 *     EDISON POWER |                                                                               -65.00 USD

2013-04-10 *     Chase:Slate | Paying off credit card                                                        -755.26 USD

2013-04-11 *     Hoogle | Payroll                                                                            1350.60 USD

2013-04-23 bal   PASS - In Assets:US:BofA:Checking                                                                      

2013-04-23 *     Wine-Tarner Cable |                                                                          -79.83 USD

2013-04-25 *     Hoogle | Payroll                                                                            1350.60 USD

2013-05-04 *     BANK FEES | Monthly bank fee                                                                  -4.00 USD

2013-05-06 *     RiverBank Properties | Paying the rent                                                     -2400.00 USD

2013-05-09 *     EDISON POWER |                                                                               -65.00 USD

2013-05-09 *     Chase:Slate | Paying off credit card                                                        -662.48 USD

2013-05-09 *     Hoogle | Payroll                                                                            1350.60 USD

2013-05-16 bal   PASS - In Assets:US:BofA:Checking                                                                      

2013-05-23 *     Wine-Tarner Cable |                                                                          -79.90 USD

2013-05-23 *     Hoogle | Payroll                                                                            1350.60 USD

2013-06-04 *     BANK FEES | Monthly bank fee                                                                  -4.00 USD

2013-06-04 *     RiverBank Properties | Paying the rent                                                     -2400.00 USD

2013-06-06 *     Hoogle | Payroll                                                                            1350.60 USD

2013-06-07 *     Transfering accumulated savings to other account                                           -3000.00 USD

2013-06-08 *     EDISON POWER |                                                                               -65.00 USD

2013-06-08 *     Chase:Slate | Paying off credit card                                                        -524.45 USD

2013-06-12 bal   PASS - In Assets:US:BofA:Checking                                                                      

2013-06-20 *     Hoogle | Payroll                                                                            1350.60 USD

2013-06-22 *     Wine-Tarner Cable |                                                                          -80.10 USD

2013-07-02 bal   PASS - In Assets:US:BofA:Checking                                                                      

2013-07-04 *     BANK FEES | Monthly bank fee                                                                  -4.00 USD

2013-07-04 *     Hoogle | Payroll                                                                            1350.60 USD

2013-07-05 *     RiverBank Properties | Paying the rent                                                     -2400.00 USD

2013-07-09 *     EDISON POWER |                                                                               -65.00 USD

2013-07-11 *     Chase:Slate | Paying off credit card                                                        -558.60 USD

2013-07-18 *     Hoogle | Payroll                                                                            1850.60 USD

2013-07-21 *     Wine-Tarner Cable |                                                                          -79.87 USD

2013-07-27 bal   PASS - In Assets:US:BofA:Checking                                                                      

2013-08-01 *     Hoogle | Payroll                                                                            2550.60 USD

2013-08-04 *     BANK FEES | Monthly bank fee                                                                  -4.00 USD

2013-08-04 *     RiverBank Properties | Paying the rent                                                     -2400.00 USD

2013-08-08 *     EDISON POWER |                                                                               -65.00 USD

2013-08-11 *     Chase:Slate | Paying off credit card                                                        -352.98 USD

2013-08-15 *     Hoogle | Payroll                                                                            2550.60 USD

2013-08-16 *     Transfering accumulated savings to other account                                           -3000.00 USD

2013-08-22 bal   PASS - In Assets:US:BofA:Checking                                                                      

2013-08-22 *     Wine-Tarner Cable |                                                                          -80.01 USD

2013-08-29 *     Hoogle | Payroll                                                                            2550.60 USD

2013-09-04 *     BANK FEES | Monthly bank fee                                                                  -4.00 USD

2013-09-06 *     RiverBank Properties | Paying the rent                                                     -2400.00 USD

2013-09-08 *     Chase:Slate | Paying off credit card                                                        -753.95 USD

2013-09-09 *     EDISON POWER |                                                                               -65.00 USD

2013-09-12 bal   PASS - In Assets:US:BofA:Checking                                                                      

2013-09-12 *     Hoogle | Payroll                                                                            2550.60 USD

2013-09-23 *     Wine-Tarner Cable |                                                                          -79.95 USD

2013-09-26 *     Hoogle | Payroll                                                                            2550.60 USD

2013-10-04 *     BANK FEES | Monthly bank fee                                                                  -4.00 USD

2013-10-04 *     RiverBank Properties | Paying the rent                                                     -2400.00 USD

2013-10-07 *     Chase:Slate | Paying off credit card                                                        -484.96 USD

2013-10-08 *     EDISON POWER |                                                                               -65.00 USD

2013-10-10 *     Hoogle | Payroll                                                                            2550.60 USD

2013-10-11 *     Transfering accumulated savings to other account                                           -4500.00 USD

2013-10-12 bal   PASS - In Assets:US:BofA:Checking                                                                      

2013-10-23 *     Wine-Tarner Cable |                                                                          -79.99 USD

2013-10-24 *     Hoogle | Payroll                                                                            2550.60 USD

2013-11-04 *     BANK FEES | Monthly bank fee                                                                  -4.00 USD

2013-11-05 *     RiverBank Properties | Paying the rent                                                     -2400.00 USD

2013-11-07 bal   PASS - In Assets:US:BofA:Checking                                                                      

2013-11-07 *     Hoogle | Payroll                                                                            2550.60 USD

2013-11-08 *     EDISON POWER |                                                                               -65.00 USD

2013-11-10 *     Chase:Slate | Paying off credit card                                                        -782.94 USD

2013-11-21 *     Hoogle | Payroll                                                                            2550.60 USD

2013-11-22 *     Wine-Tarner Cable |                                                                          -80.18 USD

2013-11-29 bal   PASS - In Assets:US:BofA:Checking                                                                      

2013-12-04 *     BANK FEES | Monthly bank fee                                                                  -4.00 USD

2013-12-05 *     RiverBank Properties | Paying the rent                                                     -2400.00 USD

2013-12-05 *     Hoogle | Payroll                                                                            2589.06 USD

2013-12-08 *     Chase:Slate | Paying off credit card                                                        -535.40 USD

2013-12-09 *     EDISON POWER |                                                                               -65.00 USD

2013-12-19 *     Hoogle | Payroll                                                                            2832.14 USD

2013-12-23 *     Wine-Tarner Cable |                                                                          -80.02 USD

2013-12-25 bal   PASS - In Assets:US:BofA:Checking                                                                      

2014-01-02 *     Hoogle | Payroll                                                                            1350.60 USD

2014-01-04 *     BANK FEES | Monthly bank fee                                                                  -4.00 USD

2014-01-06 *     RiverBank Properties | Paying the rent                                                     -2400.00 USD

2014-01-08 *     EDISON POWER |                                                                               -65.00 USD

2014-01-09 *     Chase:Slate | Paying off credit card                                                        -515.44 USD

2014-01-16 *     Hoogle | Payroll                                                                            1350.60 USD

2014-01-22 *     Wine-Tarner Cable |                                                                          -80.14 USD

2014-01-23 bal   PASS - In Assets:US:BofA:Checking                                                                      

2014-01-30 *     Hoogle | Payroll                                                                            1350.60 USD

2014-02-04 *     BANK FEES | Monthly bank fee                                                                  -4.00 USD

2014-02-04 *     RiverBank Properties | Paying the rent                                                     -2400.00 USD

2014-02-09 *     EDISON POWER |                                                                               -65.00 USD

2014-02-10 *     Chase:Slate | Paying off credit card                                                        -901.14 USD

2014-02-13 *     Hoogle | Payroll                                                                            1350.60 USD

2014-02-20 bal   PASS - In Assets:US:BofA:Checking                                                                      

2014-02-22 *     Wine-Tarner Cable |                                                                          -79.92 USD

2014-02-27 *     Hoogle | Payroll                                                                            1350.60 USD

2014-03-03 *     RiverBank Properties | Paying the rent                                                     -2400.00 USD

2014-03-04 *     BANK FEES | Monthly bank fee                                                                  -4.00 USD

2014-03-09 *     EDISON POWER |                                                                               -65.00 USD

2014-03-09 *     Chase:Slate | Paying off credit card                                                        -669.14 USD

2014-03-13 *     Hoogle | Payroll                                                                            1350.60 USD

2014-03-18 bal   PASS - In Assets:US:BofA:Checking                                                                      

2014-03-21 *     Wine-Tarner Cable |                                                                          -80.14 USD

2014-03-22 *     FEDERAL TAXPYMT                                                                             -541.89 USD

2014-03-25 *     STATE TAX & FINANC PYMT                                                                     -317.20 USD

2014-03-27 *     Hoogle | Payroll                                                                            1350.60 USD

2014-04-04 *     BANK FEES | Monthly bank fee                                                                  -4.00 USD

2014-04-04 *     RiverBank Properties | Paying the rent                                                     -2400.00 USD

2014-04-09 *     EDISON POWER |                                                                               -65.00 USD

2014-04-09 *     Chase:Slate | Paying off credit card                                                        -597.54 USD

2014-04-10 *     Hoogle | Payroll                                                                            1350.60 USD

2014-04-11 bal   PASS - In Assets:US:BofA:Checking                                                                      

2014-04-23 *     Wine-Tarner Cable |                                                                          -80.07 USD

2014-04-24 *     Hoogle | Payroll                                                                            1350.60 USD

2014-05-03 bal   PASS - In Assets:US:BofA:Checking                                                                      

2014-05-03 *     RiverBank Properties | Paying the rent                                                     -2400.00 USD

2014-05-04 *     BANK FEES | Monthly bank fee                                                                  -4.00 USD

2014-05-07 *     Chase:Slate | Paying off credit card                                                        -598.32 USD

2014-05-08 *     EDISON POWER |                                                                               -65.00 USD

2014-05-08 *     Hoogle | Payroll                                                                            1350.60 USD

2014-05-21 *     Wine-Tarner Cable |                                                                          -80.03 USD

2014-05-22 *     Hoogle | Payroll                                                                            1350.60 USD

2014-05-29 bal   PASS - In Assets:US:BofA:Checking                                                                      

2014-06-03 *     RiverBank Properties | Paying the rent                                                     -2400.00 USD

2014-06-04 *     BANK FEES | Monthly bank fee                                                                  -4.00 USD

2014-06-05 *     Hoogle | Payroll                                                                            1350.60 USD

2014-06-08 *     Chase:Slate | Paying off credit card                                                        -793.01 USD

2014-06-09 *     EDISON POWER |                                                                               -65.00 USD

2014-06-19 *     Hoogle | Payroll                                                                            1350.60 USD

2014-06-21 *     Wine-Tarner Cable |                                                                          -79.97 USD

2014-06-26 bal   PASS - In Assets:US:BofA:Checking                                                                      

2014-07-03 *     RiverBank Properties | Paying the rent                                                     -2400.00 USD

2014-07-03 *     Hoogle | Payroll                                                                            1350.60 USD

2014-07-04 *     BANK FEES | Monthly bank fee                                                                  -4.00 USD

2014-07-09 *     EDISON POWER |                                                                               -65.00 USD

2014-07-10 *     Chase:Slate | Paying off credit card                                                        -274.63 USD

2014-07-17 *     Hoogle | Payroll                                                                            1850.60 USD

2014-07-18 *     Transfering accumulated savings to other account                                           -4000.00 USD

2014-07-20 bal   PASS - In Assets:US:BofA:Checking                                                                      

2014-07-21 *     Wine-Tarner Cable |                                                                          -80.12 USD

2014-07-31 *     Hoogle | Payroll                                                                            2550.60 USD

2014-08-03 *     RiverBank Properties | Paying the rent                                                     -2400.00 USD

2014-08-04 *     BANK FEES | Monthly bank fee                                                                  -4.00 USD

2014-08-08 *     EDISON POWER |                                                                               -65.00 USD

2014-08-09 *     Chase:Slate | Paying off credit card                                                        -560.82 USD

2014-08-14 *     Hoogle | Payroll                                                                            2550.60 USD

2014-08-19 bal   PASS - In Assets:US:BofA:Checking                                                                      

2014-08-22 *     Wine-Tarner Cable |                                                                          -80.01 USD

2014-08-28 *     Hoogle | Payroll                                                                            2550.60 USD

2014-09-03 *     RiverBank Properties | Paying the rent                                                     -2400.00 USD

2014-09-04 *     BANK FEES | Monthly bank fee                                                                  -4.00 USD

2014-09-08 *     EDISON POWER |                                                                               -65.00 USD

2014-09-11 *     Chase:Slate | Paying off credit card                                                        -999.04 USD

2014-09-11 *     Hoogle | Payroll                                                                            2550.60 USD

2014-09-12 *     Transfering accumulated savings to other account                                           -4000.00 USD

2014-09-16 bal   PASS - In Assets:US:BofA:Checking                                                                      

2014-09-23 *     Wine-Tarner Cable |                                                                          -80.10 USD

2014-09-25 *     Hoogle | Payroll                                                                            2550.60 USD

2014-10-04 *     BANK FEES | Monthly bank fee                                                                  -4.00 USD

2014-10-07 bal   PASS - In Assets:US:BofA:Checking                                                                      

2014-10-09 *     Hoogle | Payroll                                                                            2550.60 USD

2014-10-10 *     Transfering accumulated savings to other account                                           -5000.00 USD

