Account                                     Num Postings
------------------------------------------  ------------
Liabilities:US:Chase:Slate                           548
Expenses:Food:Restaurant                             393
Assets:US:Vanguard:Cash                              270
Assets:US:BofA:Checking                              252
Assets:US:Vanguard:VBMPX                              90
Assets:US:Vanguard:RGAGX                              90
Expenses:Food:Groceries                               74
Income:US:Hoogle:Salary                               73
Income:US:Hoogle:Vacation                             73
Expenses:Health:Medical:Insurance                     73
Income:US:Hoogle:GroupTermLife                        73
Expenses:Health:Vision:Insurance                      73
Expenses:Health:Life:GroupTermLife                    73
Expenses:Health:Dental:Insurance                      73
Assets:US:Hoogle:Vacation                             73
Assets:US:Federal:PreTax401k                          48
Assets:US:ETrade:Cash                                 46
Income:US:Hoogle:Match401k                            45
Expenses:Financial:Commissions                        38
Expenses:Financial:Fees                               34
Expenses:Home:Internet                                33
Expenses:Home:Electricity                             33
Expenses:Home:Rent                                    33
Expenses:Transport:Tram                               31
Expenses:Taxes:Y2012:US:State                         27
Expenses:Taxes:Y2013:US:Federal                       27
Expenses:Taxes:Y2013:US:State                         27
Expenses:Taxes:Y2012:US:Federal                       27
Expenses:Taxes:Y2012:US:Medicare                      26
Expenses:Taxes:Y2012:US:SDI                           26
Expenses:Taxes:Y2012:US:SocSec                        26
Expenses:Taxes:Y2013:US:CityNYC                       26
Expenses:Taxes:Y2013:US:Medicare                      26
Expenses:Taxes:Y2013:US:SDI                           26
Expenses:Taxes:Y2012:US:CityNYC                       26
Expenses:Taxes:Y2013:US:SocSec                        26
Expenses:Taxes:Y2014:US:CityNYC                       21
Expenses:Taxes:Y2014:US:State                         21
Expenses:Taxes:Y2014:US:Medicare                      21
Expenses:Taxes:Y2014:US:SocSec                        21
Expenses:Taxes:Y2014:US:Federal                       21
Expenses:Taxes:Y2014:US:SDI                           21
Expenses:Taxes:Y2014:US:Federal:PreTax401k            15
Expenses:Taxes:Y2012:US:Federal:PreTax401k            15
Assets:US:ETrade:VHT                                  15
Expenses:Taxes:Y2013:US:Federal:PreTax401k            15
Expenses:Food:Coffee                                  14
Assets:US:ETrade:ITOT                                 11
Income:US:ETrade:Gains                                 9
Assets:US:ETrade:GLD                                   8
Liabilities:AccountsPayable                            6
Assets:US:ETrade:VEA                                   4
Expenses:Food:Alcohol                                  3
Income:US:Federal:PreTax401k                           3
Equity:Opening-Balances                                1
~Total~                                             3203
------------------------------------------  ------------
